<?xml version="1.0" encoding="UTF-8"?>
<!-- Generated by org.testng.reporters.JUnitReportReporter -->
<testsuite skipped="0" hostname="Lenovo-PC" name="Hello02.testing01" tests="1" failures="0" timestamp="02 Jul 2017 13:02:51 GMT" time="0.044" errors="0">
  <testcase name="launch" time="0.044" classname="Hello02.testing01"/>
</testsuite> <!-- Hello02.testing01 -->
